<?xml version="1.0" encoding="UTF-8"?>
<!-- Generated by org.testng.reporters.JUnitReportReporter -->
<testsuite hostname="LAPTOP-B8TJUCIE" failures="0" tests="2" name="com.HRM.TestCases.TC_AddEmployee" time="13.442" errors="0" timestamp="2023-12-07T17:43:54 IST" skipped="0">
  <testcase classname="com.HRM.TestCases.TC_AddEmployee" name="addEmployee" time="10.673"/>
  <system-out/>
  <testcase classname="com.HRM.TestCases.TC_AddEmployee" name="addPersonalDetails" time="2.769"/>
  <system-out/>
</testsuite> <!-- com.HRM.TestCases.TC_AddEmployee -->
