<?xml version="1.0" encoding="UTF-8"?>
<!-- Generated by org.testng.reporters.JUnitReportReporter -->
<testsuite hostname="LAPTOP-B8TJUCIE" failures="0" tests="2" name="com.AHM.TestCases.TC_AddWorkHoursAndCreateAppointment" time="66.857" errors="0" timestamp="2024-02-07T18:10:59 IST" skipped="0">
  <testcase classname="com.AHM.TestCases.TC_AddWorkHoursAndCreateAppointment" name="createAppointment" time="2.934"/>
  <system-out/>
  <testcase classname="com.AHM.TestCases.TC_AddWorkHoursAndCreateAppointment" name="addWorkHours" time="63.923"/>
  <system-out/>
</testsuite> <!-- com.AHM.TestCases.TC_AddWorkHoursAndCreateAppointment -->
