<?xml version="1.0" encoding="UTF-8"?>
<!-- Generated by org.testng.reporters.JUnitReportReporter -->
<testsuite hostname="LAPTOP-B8TJUCIE" failures="0" tests="2" name="com.AHM.TestCases.TC_AddWorkHours" time="74.051" errors="0" timestamp="2024-02-02T10:31:59 IST" skipped="0">
  <testcase classname="com.AHM.TestCases.TC_AddWorkHours" name="addWorkHours" time="62.980"/>
  <system-out/>
  <testcase classname="com.AHM.TestCases.TC_AddWorkHours" name="createAppointment" time="11.071"/>
  <system-out/>
</testsuite> <!-- com.AHM.TestCases.TC_AddWorkHours -->
