<?xml version="1.0" encoding="UTF-8"?>
<!-- Generated by org.testng.reporters.JUnitReportReporter -->
<testsuite hostname="LAPTOP-B8TJUCIE" failures="0" tests="1" name="com.HRM.TestCases.TC_Login" time="2.662" errors="0" timestamp="2023-12-07T10:17:17 IST" skipped="0">
  <testcase classname="com.HRM.TestCases.TC_Login" name="verifyLogin" time="2.662"/>
  <system-out/>
</testsuite> <!-- com.HRM.TestCases.TC_Login -->
