<?xml version="1.0" encoding="UTF-8"?>
<!-- Generated by org.testng.reporters.JUnitReportReporter -->
<testsuite hostname="LAPTOP-B8TJUCIE" failures="0" tests="1" name="com.AHM.TestCases.TC_AddQuestionSet" time="34.597" errors="0" timestamp="2024-02-07T18:10:59 IST" skipped="0">
  <testcase classname="com.AHM.TestCases.TC_AddQuestionSet" name="addQuestionSet" time="34.597"/>
  <system-out/>
</testsuite> <!-- com.AHM.TestCases.TC_AddQuestionSet -->
