<?xml version="1.0" encoding="UTF-8"?>
<!-- Generated by org.testng.reporters.JUnitReportReporter -->
<testsuite hostname="LAPTOP-B8TJUCIE" failures="0" tests="1" name="com.AHM.TestCases.TC_PhysioLogin" time="12.852" errors="0" timestamp="2024-01-25T15:22:36 IST" skipped="0">
  <testcase classname="com.AHM.TestCases.TC_PhysioLogin" name="physioLogin" time="12.852"/>
  <system-out/>
</testsuite> <!-- com.AHM.TestCases.TC_PhysioLogin -->
