<?xml version="1.0" encoding="UTF-8"?>
<!-- Generated by org.testng.reporters.JUnitReportReporter -->
<testsuite hostname="LAPTOP-B8TJUCIE" failures="0" tests="1" name="com.HRM.TestCases.TC_AssignLeaveToEmployee" time="5.217" errors="0" timestamp="2023-12-07T18:41:18 IST" skipped="0">
  <testcase classname="com.HRM.TestCases.TC_AssignLeaveToEmployee" name="assignLeaveToEmployee" time="5.217"/>
  <system-out/>
</testsuite> <!-- com.HRM.TestCases.TC_AssignLeaveToEmployee -->
