<?xml version="1.0" encoding="UTF-8"?>
<!-- Generated by org.testng.reporters.JUnitReportReporter -->
<testsuite hostname="LAPTOP-B8TJUCIE" failures="0" tests="1" name="com.AHM.TestCases.TC_RegisterAthlete" time="2.474" errors="0" timestamp="2024-02-06T11:07:46 IST" skipped="0">
  <testcase classname="com.AHM.TestCases.TC_RegisterAthlete" name="registerAthlete" time="2.474"/>
  <system-out/>
</testsuite> <!-- com.AHM.TestCases.TC_RegisterAthlete -->
